<?xml version="1.0" encoding="UTF-8"?>
<!-- Generated by org.testng.reporters.JUnitXMLReporter -->
<testsuite hostname="LAPTOP-3DVNCV68" ignored="0" name="Surefire test" tests="6" failures="0" timestamp="2020-04-22T13:17:39 BST" time="0.148" errors="0">
  <testcase name="emulatortest" time="0.021" classname="learnselenium.AppiumjavaTest"/>
  <testcase name="mobilelogin" time="0.001" classname="learnselenium.AppiumjavaTest"/>
  <testcase name="apiautomation" time="0.0" classname="learnselenium.restassuredapiTest"/>
  <testcase name="getresponse" time="0.001" classname="learnselenium.restassuredapiTest"/>
  <testcase name="uilogin" time="0.002" classname="learnselenium.seleniumjavaTest"/>
  <testcase name="uitest" time="0.001" classname="learnselenium.seleniumjavaTest"/>
</testsuite> <!-- Surefire test -->
