<?xml version="1.0" encoding="UTF-8"?>
<!-- Generated by org.testng.reporters.JUnitXMLReporter -->
<testsuite hostname="LAPTOP-3DVNCV68" ignored="0" name="Test" tests="4" failures="0" timestamp="28 May 2020 09:18:00 GMT" time="0.138" errors="0">
  <testcase name="uilogin" time="0.029" classname="learnselenium.seleniumjavaTest"/>
  <testcase name="uitest" time="0.004" classname="learnselenium.seleniumjavaTest"/>
  <testcase name="apiautomation" time="0.002" classname="learnselenium.restassuredapiTest"/>
  <testcase name="getresponse" time="0.005" classname="learnselenium.restassuredapiTest"/>
</testsuite> <!-- Test -->
