<?xml version="1.0" encoding="UTF-8"?>
<!-- Generated by org.testng.reporters.JUnitXMLReporter -->
<testsuite hostname="LAPTOP-3DVNCV68" ignored="0" name="Test" tests="4" failures="0" timestamp="2020-04-24T11:43:58 BST" time="0.047" errors="0">
  <testcase name="uilogin" time="0.015" classname="learnselenium.seleniumjavaTest"/>
  <testcase name="uitest" time="0.0" classname="learnselenium.seleniumjavaTest"/>
  <testcase name="apiautomation" time="0.0" classname="learnselenium.restassuredapiTest"/>
  <testcase name="getresponse" time="0.0" classname="learnselenium.restassuredapiTest"/>
</testsuite> <!-- Test -->
